<?xml version="1.0" encoding="UTF-8"?>
<coverage generated="1685729099787" clover="3.2.0">
  <project timestamp="1685729099787" name="All files">
    <metrics statements="130" coveredstatements="128" conditionals="26" coveredconditionals="22" methods="32" coveredmethods="31" elements="188" coveredelements="181" complexity="0" loc="130" ncloc="130" packages="5" files="7" classes="7"/>
    <package name="MongoEncryptedQuery">
      <metrics statements="16" coveredstatements="16" conditionals="0" coveredconditionals="0" methods="5" coveredmethods="5"/>
      <file name="index.ts" path="/home/ipbyrne/projects/mongo-encryption-query/src/MongoEncryptedQuery/index.ts">
        <metrics statements="16" coveredstatements="16" conditionals="0" coveredconditionals="0" methods="5" coveredmethods="5"/>
        <line num="1" count="1" type="stmt"/>
        <line num="6" count="1" type="stmt"/>
        <line num="9" count="1" type="stmt"/>
        <line num="10" count="4" type="stmt"/>
        <line num="11" count="4" type="stmt"/>
        <line num="14" count="1" type="stmt"/>
        <line num="18" count="4" type="stmt"/>
        <line num="19" count="4" type="stmt"/>
        <line num="20" count="4" type="stmt"/>
        <line num="21" count="4" type="stmt"/>
        <line num="25" count="4" type="stmt"/>
        <line num="31" count="1" type="stmt"/>
        <line num="35" count="6" type="stmt"/>
        <line num="36" count="6" type="stmt"/>
        <line num="40" count="6" type="stmt"/>
        <line num="43" count="1" type="stmt"/>
      </file>
    </package>
    <package name="MongoEncryptedQuery.cipher">
      <metrics statements="27" coveredstatements="27" conditionals="1" coveredconditionals="1" methods="6" coveredmethods="6"/>
      <file name="cipher.ts" path="/home/ipbyrne/projects/mongo-encryption-query/src/MongoEncryptedQuery/cipher/cipher.ts">
        <metrics statements="27" coveredstatements="27" conditionals="1" coveredconditionals="1" methods="6" coveredmethods="6"/>
        <line num="1" count="2" type="stmt"/>
        <line num="2" count="2" type="stmt"/>
        <line num="3" count="2" type="stmt"/>
        <line num="4" count="2" type="stmt"/>
        <line num="5" count="2" type="stmt"/>
        <line num="8" count="2" type="stmt"/>
        <line num="12" count="2" type="stmt"/>
        <line num="14" count="2" type="cond" truecount="1" falsecount="0"/>
        <line num="15" count="1" type="stmt"/>
        <line num="16" count="1" type="stmt"/>
        <line num="19" count="1" type="stmt"/>
        <line num="20" count="1" type="stmt"/>
        <line num="21" count="1" type="stmt"/>
        <line num="24" count="2" type="stmt"/>
        <line num="27" count="5" type="stmt"/>
        <line num="28" count="5" type="stmt"/>
        <line num="29" count="5" type="stmt"/>
        <line num="33" count="5" type="stmt"/>
        <line num="36" count="5" type="stmt"/>
        <line num="39" count="2" type="stmt"/>
        <line num="42" count="7" type="stmt"/>
        <line num="43" count="7" type="stmt"/>
        <line num="44" count="7" type="stmt"/>
        <line num="45" count="7" type="stmt"/>
        <line num="49" count="7" type="stmt"/>
        <line num="50" count="7" type="stmt"/>
        <line num="51" count="7" type="stmt"/>
      </file>
    </package>
    <package name="MongoEncryptedQuery.hasher">
      <metrics statements="41" coveredstatements="39" conditionals="19" coveredconditionals="16" methods="11" coveredmethods="10"/>
      <file name="index.ts" path="/home/ipbyrne/projects/mongo-encryption-query/src/MongoEncryptedQuery/hasher/index.ts">
        <metrics statements="41" coveredstatements="39" conditionals="19" coveredconditionals="16" methods="11" coveredmethods="10"/>
        <line num="1" count="2" type="stmt"/>
        <line num="5" count="2" type="stmt"/>
        <line num="6" count="0" type="stmt"/>
        <line num="11" count="2" type="stmt"/>
        <line num="12" count="297" type="stmt"/>
        <line num="18" count="2" type="stmt"/>
        <line num="20" count="116" type="stmt"/>
        <line num="31" count="116" type="cond" truecount="1" falsecount="0"/>
        <line num="32" count="114" type="cond" truecount="2" falsecount="0"/>
        <line num="33" count="3" type="stmt"/>
        <line num="35" count="9" type="stmt"/>
        <line num="38" count="111" type="stmt"/>
        <line num="41" count="2" type="stmt"/>
        <line num="44" count="2" type="stmt"/>
        <line num="49" count="215" type="cond" truecount="1" falsecount="0"/>
        <line num="54" count="155" type="stmt"/>
        <line num="56" count="60" type="cond" truecount="1" falsecount="0"/>
        <line num="57" count="43" type="stmt"/>
        <line num="59" count="35" type="cond" truecount="1" falsecount="0"/>
        <line num="60" count="35" type="stmt"/>
        <line num="61" count="35" type="stmt"/>
        <line num="62" count="128" type="cond" truecount="2" falsecount="0"/>
        <line num="63" count="76" type="stmt"/>
        <line num="64" count="76" type="stmt"/>
        <line num="66" count="52" type="stmt"/>
        <line num="69" count="35" type="stmt"/>
        <line num="71" count="0" type="stmt"/>
        <line num="74" count="2" type="stmt"/>
        <line num="79" count="12" type="stmt"/>
        <line num="80" count="12" type="stmt"/>
        <line num="81" count="44" type="cond" truecount="2" falsecount="0"/>
        <line num="82" count="40" type="stmt"/>
        <line num="83" count="40" type="stmt"/>
        <line num="85" count="4" type="stmt"/>
        <line num="88" count="12" type="stmt"/>
        <line num="91" count="2" type="stmt"/>
        <line num="92" count="4" type="stmt"/>
        <line num="93" count="4" type="stmt"/>
        <line num="94" count="4" type="stmt"/>
        <line num="95" count="4" type="stmt"/>
        <line num="98" count="4" type="stmt"/>
      </file>
    </package>
    <package name="testing">
      <metrics statements="15" coveredstatements="15" conditionals="3" coveredconditionals="3" methods="6" coveredmethods="6"/>
      <file name="database.ts" path="/home/ipbyrne/projects/mongo-encryption-query/src/testing/database.ts">
        <metrics statements="13" coveredstatements="13" conditionals="3" coveredconditionals="3" methods="6" coveredmethods="6"/>
        <line num="1" count="1" type="stmt"/>
        <line num="2" count="1" type="stmt"/>
        <line num="4" count="1" type="stmt"/>
        <line num="6" count="9" type="stmt"/>
        <line num="7" count="9" type="cond" truecount="3" falsecount="0"/>
        <line num="8" count="8" type="stmt"/>
        <line num="13" count="9" type="stmt"/>
        <line num="16" count="8" type="stmt"/>
        <line num="17" count="8" type="stmt"/>
        <line num="18" count="44" type="stmt"/>
        <line num="22" count="1" type="stmt"/>
        <line num="23" count="1" type="stmt"/>
        <line num="24" count="1" type="stmt"/>
      </file>
      <file name="keys.ts" path="/home/ipbyrne/projects/mongo-encryption-query/src/testing/keys.ts">
        <metrics statements="2" coveredstatements="2" conditionals="0" coveredconditionals="0" methods="0" coveredmethods="0"/>
        <line num="1" count="1" type="stmt"/>
        <line num="7" count="1" type="stmt"/>
      </file>
    </package>
    <package name="testing.VerifiableCredentials">
      <metrics statements="31" coveredstatements="31" conditionals="3" coveredconditionals="2" methods="4" coveredmethods="4"/>
      <file name="findByQuery.ts" path="/home/ipbyrne/projects/mongo-encryption-query/src/testing/VerifiableCredentials/findByQuery.ts">
        <metrics statements="19" coveredstatements="19" conditionals="2" coveredconditionals="1" methods="2" coveredmethods="2"/>
        <line num="1" count="1" type="stmt"/>
        <line num="2" count="1" type="stmt"/>
        <line num="3" count="1" type="stmt"/>
        <line num="4" count="1" type="stmt"/>
        <line num="7" count="1" type="stmt"/>
        <line num="10" count="4" type="stmt"/>
        <line num="11" count="4" type="stmt"/>
        <line num="12" count="4" type="stmt"/>
        <line num="13" count="4" type="stmt"/>
        <line num="14" count="4" type="stmt"/>
        <line num="17" count="4" type="cond" truecount="0" falsecount="1"/>
        <line num="18" count="4" type="stmt"/>
        <line num="19" count="4" type="stmt"/>
        <line num="20" count="6" type="stmt"/>
        <line num="21" count="6" type="stmt"/>
        <line num="22" count="6" type="stmt"/>
        <line num="27" count="6" type="stmt"/>
        <line num="30" count="4" type="stmt"/>
        <line num="31" count="4" type="stmt"/>
      </file>
      <file name="saveVC.ts" path="/home/ipbyrne/projects/mongo-encryption-query/src/testing/VerifiableCredentials/saveVC.ts">
        <metrics statements="12" coveredstatements="12" conditionals="1" coveredconditionals="1" methods="2" coveredmethods="2"/>
        <line num="1" count="1" type="stmt"/>
        <line num="2" count="1" type="stmt"/>
        <line num="3" count="1" type="stmt"/>
        <line num="4" count="1" type="stmt"/>
        <line num="7" count="1" type="stmt"/>
        <line num="10" count="4" type="stmt"/>
        <line num="11" count="4" type="stmt"/>
        <line num="12" count="4" type="stmt"/>
        <line num="13" count="4" type="stmt"/>
        <line num="18" count="4" type="stmt"/>
        <line num="19" count="4" type="stmt"/>
        <line num="20" count="4" type="stmt"/>
      </file>
    </package>
  </project>
</coverage>
