{"total": {"lines":{"total":166,"covered":157,"skipped":0,"pct":94.57},"statements":{"total":189,"covered":177,"skipped":0,"pct":93.65},"functions":{"total":34,"covered":32,"skipped":0,"pct":94.11},"branches":{"total":53,"covered":44,"skipped":0,"pct":83.01},"branchesTrue":{"total":0,"covered":0,"skipped":0,"pct":100}}
,"/home/ipbyrne/projects/mongo-encryption-query/src/index.ts": {"lines":{"total":32,"covered":28,"skipped":0,"pct":87.5},"functions":{"total":6,"covered":4,"skipped":0,"pct":66.66},"statements":{"total":37,"covered":31,"skipped":0,"pct":83.78},"branches":{"total":9,"covered":6,"skipped":0,"pct":66.66}}
,"/home/ipbyrne/projects/mongo-encryption-query/src/types.ts": {"lines":{"total":5,"covered":5,"skipped":0,"pct":100},"functions":{"total":1,"covered":1,"skipped":0,"pct":100},"statements":{"total":5,"covered":5,"skipped":0,"pct":100},"branches":{"total":2,"covered":2,"skipped":0,"pct":100}}
,"/home/ipbyrne/projects/mongo-encryption-query/src/cipher/cipher.ts": {"lines":{"total":23,"covered":23,"skipped":0,"pct":100},"functions":{"total":4,"covered":4,"skipped":0,"pct":100},"statements":{"total":27,"covered":27,"skipped":0,"pct":100},"branches":{"total":2,"covered":2,"skipped":0,"pct":100}}
,"/home/ipbyrne/projects/mongo-encryption-query/src/testingUtils/database.ts": {"lines":{"total":13,"covered":13,"skipped":0,"pct":100},"functions":{"total":6,"covered":6,"skipped":0,"pct":100},"statements":{"total":19,"covered":19,"skipped":0,"pct":100},"branches":{"total":3,"covered":3,"skipped":0,"pct":100}}
,"/home/ipbyrne/projects/mongo-encryption-query/src/testingUtils/findByQuery.ts": {"lines":{"total":19,"covered":19,"skipped":0,"pct":100},"functions":{"total":2,"covered":2,"skipped":0,"pct":100},"statements":{"total":22,"covered":21,"skipped":0,"pct":95.45},"branches":{"total":6,"covered":5,"skipped":0,"pct":83.33}}
,"/home/ipbyrne/projects/mongo-encryption-query/src/testingUtils/keys.ts": {"lines":{"total":3,"covered":3,"skipped":0,"pct":100},"functions":{"total":0,"covered":0,"skipped":0,"pct":100},"statements":{"total":3,"covered":3,"skipped":0,"pct":100},"branches":{"total":0,"covered":0,"skipped":0,"pct":100}}
,"/home/ipbyrne/projects/mongo-encryption-query/src/testingUtils/saveVC.ts": {"lines":{"total":12,"covered":12,"skipped":0,"pct":100},"functions":{"total":2,"covered":2,"skipped":0,"pct":100},"statements":{"total":13,"covered":13,"skipped":0,"pct":100},"branches":{"total":3,"covered":3,"skipped":0,"pct":100}}
,"/home/ipbyrne/projects/mongo-encryption-query/src/utils/index.ts": {"lines":{"total":59,"covered":54,"skipped":0,"pct":91.52},"functions":{"total":13,"covered":13,"skipped":0,"pct":100},"statements":{"total":63,"covered":58,"skipped":0,"pct":92.06},"branches":{"total":28,"covered":23,"skipped":0,"pct":82.14}}
}
