{"total": {"lines":{"total":139,"covered":135,"skipped":0,"pct":97.12},"statements":{"total":162,"covered":157,"skipped":0,"pct":96.91},"functions":{"total":33,"covered":32,"skipped":0,"pct":96.96},"branches":{"total":32,"covered":24,"skipped":0,"pct":75},"branchesTrue":{"total":0,"covered":0,"skipped":0,"pct":100}}
,"/home/ipbyrne/projects/mongo-encryption-query/src/index.ts": {"lines":{"total":18,"covered":18,"skipped":0,"pct":100},"functions":{"total":5,"covered":5,"skipped":0,"pct":100},"statements":{"total":21,"covered":21,"skipped":0,"pct":100},"branches":{"total":4,"covered":2,"skipped":0,"pct":50}}
,"/home/ipbyrne/projects/mongo-encryption-query/src/types.ts": {"lines":{"total":5,"covered":5,"skipped":0,"pct":100},"functions":{"total":1,"covered":1,"skipped":0,"pct":100},"statements":{"total":5,"covered":5,"skipped":0,"pct":100},"branches":{"total":2,"covered":2,"skipped":0,"pct":100}}
,"/home/ipbyrne/projects/mongo-encryption-query/src/cipher/cipher.ts": {"lines":{"total":27,"covered":27,"skipped":0,"pct":100},"functions":{"total":6,"covered":6,"skipped":0,"pct":100},"statements":{"total":31,"covered":31,"skipped":0,"pct":100},"branches":{"total":1,"covered":1,"skipped":0,"pct":100}}
,"/home/ipbyrne/projects/mongo-encryption-query/src/hasher/index.ts": {"lines":{"total":43,"covered":39,"skipped":0,"pct":90.69},"functions":{"total":11,"covered":10,"skipped":0,"pct":90.9},"statements":{"total":49,"covered":45,"skipped":0,"pct":91.83},"branches":{"total":19,"covered":14,"skipped":0,"pct":73.68}}
,"/home/ipbyrne/projects/mongo-encryption-query/testing/database.ts": {"lines":{"total":13,"covered":13,"skipped":0,"pct":100},"functions":{"total":6,"covered":6,"skipped":0,"pct":100},"statements":{"total":19,"covered":19,"skipped":0,"pct":100},"branches":{"total":3,"covered":3,"skipped":0,"pct":100}}
,"/home/ipbyrne/projects/mongo-encryption-query/testing/keys.ts": {"lines":{"total":2,"covered":2,"skipped":0,"pct":100},"functions":{"total":0,"covered":0,"skipped":0,"pct":100},"statements":{"total":2,"covered":2,"skipped":0,"pct":100},"branches":{"total":0,"covered":0,"skipped":0,"pct":100}}
,"/home/ipbyrne/projects/mongo-encryption-query/testing/VerifiableCredentials/findByQuery.ts": {"lines":{"total":19,"covered":19,"skipped":0,"pct":100},"functions":{"total":2,"covered":2,"skipped":0,"pct":100},"statements":{"total":22,"covered":21,"skipped":0,"pct":95.45},"branches":{"total":2,"covered":1,"skipped":0,"pct":50}}
,"/home/ipbyrne/projects/mongo-encryption-query/testing/VerifiableCredentials/saveVC.ts": {"lines":{"total":12,"covered":12,"skipped":0,"pct":100},"functions":{"total":2,"covered":2,"skipped":0,"pct":100},"statements":{"total":13,"covered":13,"skipped":0,"pct":100},"branches":{"total":1,"covered":1,"skipped":0,"pct":100}}
}
