{"/home/ipbyrne/projects/mongo-encryption-query/src/MongoEncryptedQuery/index.ts": {"path":"/home/ipbyrne/projects/mongo-encryption-query/src/MongoEncryptedQuery/index.ts","statementMap":{"0":{"start":{"line":1,"column":0},"end":{"line":1,"column":null}},"1":{"start":{"line":6,"column":0},"end":{"line":6,"column":51}},"2":{"start":{"line":9,"column":28},"end":{"line":12,"column":1}},"3":{"start":{"line":10,"column":22},"end":{"line":10,"column":52}},"4":{"start":{"line":11,"column":2},"end":{"line":11,"column":21}},"5":{"start":{"line":9,"column":13},"end":{"line":9,"column":28}},"6":{"start":{"line":14,"column":27},"end":{"line":29,"column":2}},"7":{"start":{"line":18,"column":4},"end":{"line":29,"column":2}},"8":{"start":{"line":19,"column":21},"end":{"line":19,"column":57}},"9":{"start":{"line":20,"column":18},"end":{"line":20,"column":35}},"10":{"start":{"line":21,"column":17},"end":{"line":23,"column":null}},"11":{"start":{"line":25,"column":2},"end":{"line":28,"column":4}},"12":{"start":{"line":14,"column":13},"end":{"line":14,"column":27}},"13":{"start":{"line":31,"column":27},"end":{"line":41,"column":2}},"14":{"start":{"line":35,"column":4},"end":{"line":41,"column":2}},"15":{"start":{"line":36,"column":24},"end":{"line":38,"column":null}},"16":{"start":{"line":40,"column":2},"end":{"line":40,"column":23}},"17":{"start":{"line":31,"column":13},"end":{"line":31,"column":27}},"18":{"start":{"line":43,"column":0},"end":{"line":47,"column":2}}},"fnMap":{"0":{"name":"(anonymous_0)","decl":{"start":{"line":9,"column":28},"end":{"line":9,"column":29}},"loc":{"start":{"line":9,"column":57},"end":{"line":12,"column":1}}},"1":{"name":"(anonymous_1)","decl":{"start":{"line":14,"column":27},"end":{"line":14,"column":null}},"loc":{"start":{"line":18,"column":4},"end":{"line":29,"column":2}}},"2":{"name":"(anonymous_2)","decl":{"start":{"line":18,"column":4},"end":{"line":18,"column":null}},"loc":{"start":{"line":18,"column":4},"end":{"line":29,"column":1}}},"3":{"name":"(anonymous_3)","decl":{"start":{"line":31,"column":27},"end":{"line":31,"column":null}},"loc":{"start":{"line":35,"column":4},"end":{"line":41,"column":2}}},"4":{"name":"(anonymous_4)","decl":{"start":{"line":35,"column":4},"end":{"line":35,"column":null}},"loc":{"start":{"line":35,"column":4},"end":{"line":41,"column":1}}}},"branchMap":{},"s":{"0":1,"1":1,"2":1,"3":4,"4":4,"5":1,"6":1,"7":4,"8":4,"9":4,"10":4,"11":4,"12":1,"13":1,"14":6,"15":6,"16":6,"17":1,"18":1},"f":{"0":4,"1":4,"2":4,"3":6,"4":6},"b":{}}
,"/home/ipbyrne/projects/mongo-encryption-query/src/MongoEncryptedQuery/cipher/cipher.ts": {"path":"/home/ipbyrne/projects/mongo-encryption-query/src/MongoEncryptedQuery/cipher/cipher.ts","statementMap":{"0":{"start":{"line":1,"column":0},"end":{"line":1,"column":58}},"1":{"start":{"line":2,"column":0},"end":{"line":2,"column":58}},"2":{"start":{"line":3,"column":0},"end":{"line":3,"column":44}},"3":{"start":{"line":4,"column":0},"end":{"line":4,"column":62}},"4":{"start":{"line":5,"column":0},"end":{"line":5,"column":44}},"5":{"start":{"line":8,"column":42},"end":{"line":10,"column":2}},"6":{"start":{"line":12,"column":12},"end":{"line":12,"column":21}},"7":{"start":{"line":14,"column":24},"end":{"line":22,"column":2}},"8":{"start":{"line":14,"column":49},"end":{"line":22,"column":2}},"9":{"start":{"line":15,"column":14},"end":{"line":15,"column":27}},"10":{"start":{"line":16,"column":36},"end":{"line":18,"column":4}},"11":{"start":{"line":19,"column":23},"end":{"line":19,"column":49}},"12":{"start":{"line":20,"column":24},"end":{"line":20,"column":51}},"13":{"start":{"line":21,"column":2},"end":{"line":21,"column":41}},"14":{"start":{"line":14,"column":13},"end":{"line":14,"column":24}},"15":{"start":{"line":24,"column":23},"end":{"line":37,"column":2}},"16":{"start":{"line":27,"column":4},"end":{"line":37,"column":2}},"17":{"start":{"line":28,"column":14},"end":{"line":28,"column":40}},"18":{"start":{"line":29,"column":11},"end":{"line":31,"column":null}},"19":{"start":{"line":33,"column":14},"end":{"line":35,"column":34}},"20":{"start":{"line":36,"column":2},"end":{"line":36,"column":13}},"21":{"start":{"line":24,"column":13},"end":{"line":24,"column":23}},"22":{"start":{"line":39,"column":23},"end":{"line":52,"column":2}},"23":{"start":{"line":42,"column":4},"end":{"line":52,"column":2}},"24":{"start":{"line":43,"column":18},"end":{"line":43,"column":35}},"25":{"start":{"line":44,"column":14},"end":{"line":44,"column":41}},"26":{"start":{"line":45,"column":11},"end":{"line":47,"column":null}},"27":{"start":{"line":49,"column":24},"end":{"line":49,"column":78}},"28":{"start":{"line":50,"column":17},"end":{"line":50,"column":39}},"29":{"start":{"line":51,"column":2},"end":{"line":51,"column":44}},"30":{"start":{"line":39,"column":13},"end":{"line":39,"column":23}}},"fnMap":{"0":{"name":"(anonymous_0)","decl":{"start":{"line":14,"column":24},"end":{"line":14,"column":31}},"loc":{"start":{"line":14,"column":49},"end":{"line":22,"column":2}}},"1":{"name":"(anonymous_1)","decl":{"start":{"line":14,"column":49},"end":{"line":14,"column":null}},"loc":{"start":{"line":14,"column":49},"end":{"line":22,"column":1}}},"2":{"name":"(anonymous_2)","decl":{"start":{"line":24,"column":23},"end":{"line":24,"column":null}},"loc":{"start":{"line":27,"column":4},"end":{"line":37,"column":2}}},"3":{"name":"(anonymous_3)","decl":{"start":{"line":27,"column":4},"end":{"line":27,"column":null}},"loc":{"start":{"line":27,"column":4},"end":{"line":37,"column":1}}},"4":{"name":"(anonymous_4)","decl":{"start":{"line":39,"column":23},"end":{"line":39,"column":null}},"loc":{"start":{"line":42,"column":4},"end":{"line":52,"column":2}}},"5":{"name":"(anonymous_5)","decl":{"start":{"line":42,"column":4},"end":{"line":42,"column":null}},"loc":{"start":{"line":42,"column":4},"end":{"line":52,"column":1}}}},"branchMap":{"0":{"loc":{"start":{"line":14,"column":31},"end":{"line":14,"column":45}},"type":"default-arg","locations":[{"start":{"line":14,"column":37},"end":{"line":14,"column":45}}]}},"s":{"0":2,"1":2,"2":2,"3":2,"4":2,"5":2,"6":2,"7":2,"8":1,"9":1,"10":1,"11":1,"12":1,"13":1,"14":2,"15":2,"16":5,"17":5,"18":5,"19":5,"20":5,"21":2,"22":2,"23":7,"24":7,"25":7,"26":7,"27":7,"28":7,"29":7,"30":2},"f":{"0":1,"1":1,"2":5,"3":5,"4":7,"5":7},"b":{"0":[1]}}
,"/home/ipbyrne/projects/mongo-encryption-query/src/MongoEncryptedQuery/hasher/index.ts": {"path":"/home/ipbyrne/projects/mongo-encryption-query/src/MongoEncryptedQuery/hasher/index.ts","statementMap":{"0":{"start":{"line":1,"column":0},"end":{"line":1,"column":36}},"1":{"start":{"line":5,"column":20},"end":{"line":9,"column":1}},"2":{"start":{"line":6,"column":2},"end":{"line":8,"column":19}},"3":{"start":{"line":5,"column":13},"end":{"line":5,"column":20}},"4":{"start":{"line":11,"column":30},"end":{"line":16,"column":1}},"5":{"start":{"line":12,"column":2},"end":{"line":15,"column":19}},"6":{"start":{"line":11,"column":13},"end":{"line":11,"column":30}},"7":{"start":{"line":18,"column":23},"end":{"line":42,"column":1}},"8":{"start":{"line":20,"column":33},"end":{"line":30,"column":4}},"9":{"start":{"line":31,"column":2},"end":{"line":40,"column":null}},"10":{"start":{"line":32,"column":4},"end":{"line":39,"column":null}},"11":{"start":{"line":33,"column":6},"end":{"line":36,"column":19}},"12":{"start":{"line":35,"column":32},"end":{"line":35,"column":59}},"13":{"start":{"line":38,"column":6},"end":{"line":38,"column":39}},"14":{"start":{"line":41,"column":2},"end":{"line":41,"column":13}},"15":{"start":{"line":18,"column":13},"end":{"line":18,"column":23}},"16":{"start":{"line":44,"column":24},"end":{"line":72,"column":1}},"17":{"start":{"line":49,"column":2},"end":{"line":55,"column":null}},"18":{"start":{"line":54,"column":4},"end":{"line":54,"column":38}},"19":{"start":{"line":56,"column":2},"end":{"line":58,"column":null}},"20":{"start":{"line":57,"column":4},"end":{"line":57,"column":68}},"21":{"start":{"line":57,"column":32},"end":{"line":57,"column":66}},"22":{"start":{"line":59,"column":2},"end":{"line":70,"column":null}},"23":{"start":{"line":60,"column":27},"end":{"line":60,"column":29}},"24":{"start":{"line":61,"column":4},"end":{"line":68,"column":7}},"25":{"start":{"line":62,"column":6},"end":{"line":67,"column":null}},"26":{"start":{"line":63,"column":26},"end":{"line":63,"column":44}},"27":{"start":{"line":64,"column":8},"end":{"line":64,"column":74}},"28":{"start":{"line":66,"column":8},"end":{"line":66,"column":68}},"29":{"start":{"line":69,"column":4},"end":{"line":69,"column":21}},"30":{"start":{"line":71,"column":2},"end":{"line":71,"column":14}},"31":{"start":{"line":74,"column":34},"end":{"line":89,"column":1}},"32":{"start":{"line":79,"column":28},"end":{"line":79,"column":30}},"33":{"start":{"line":80,"column":2},"end":{"line":87,"column":5}},"34":{"start":{"line":81,"column":4},"end":{"line":86,"column":null}},"35":{"start":{"line":82,"column":24},"end":{"line":82,"column":42}},"36":{"start":{"line":83,"column":6},"end":{"line":83,"column":75}},"37":{"start":{"line":85,"column":6},"end":{"line":85,"column":69}},"38":{"start":{"line":88,"column":2},"end":{"line":88,"column":22}},"39":{"start":{"line":74,"column":13},"end":{"line":74,"column":34}},"40":{"start":{"line":91,"column":33},"end":{"line":99,"column":1}},"41":{"start":{"line":92,"column":22},"end":{"line":92,"column":69}},"42":{"start":{"line":93,"column":30},"end":{"line":93,"column":32}},"43":{"start":{"line":94,"column":2},"end":{"line":97,"column":5}},"44":{"start":{"line":95,"column":4},"end":{"line":96,"column":23}},"45":{"start":{"line":98,"column":2},"end":{"line":98,"column":24}},"46":{"start":{"line":91,"column":13},"end":{"line":91,"column":33}}},"fnMap":{"0":{"name":"(anonymous_0)","decl":{"start":{"line":5,"column":20},"end":{"line":5,"column":21}},"loc":{"start":{"line":5,"column":43},"end":{"line":9,"column":1}}},"1":{"name":"(anonymous_1)","decl":{"start":{"line":11,"column":30},"end":{"line":11,"column":31}},"loc":{"start":{"line":11,"column":67},"end":{"line":16,"column":1}}},"2":{"name":"(anonymous_2)","decl":{"start":{"line":18,"column":23},"end":{"line":18,"column":24}},"loc":{"start":{"line":18,"column":53},"end":{"line":42,"column":1}}},"3":{"name":"(anonymous_3)","decl":{"start":{"line":35,"column":13},"end":{"line":35,"column":14}},"loc":{"start":{"line":35,"column":32},"end":{"line":35,"column":59}}},"4":{"name":"(anonymous_4)","decl":{"start":{"line":44,"column":24},"end":{"line":44,"column":null}},"loc":{"start":{"line":48,"column":9},"end":{"line":72,"column":1}}},"5":{"name":"(anonymous_5)","decl":{"start":{"line":57,"column":20},"end":{"line":57,"column":21}},"loc":{"start":{"line":57,"column":32},"end":{"line":57,"column":66}}},"6":{"name":"(anonymous_6)","decl":{"start":{"line":61,"column":30},"end":{"line":61,"column":31}},"loc":{"start":{"line":61,"column":46},"end":{"line":68,"column":5}}},"7":{"name":"(anonymous_7)","decl":{"start":{"line":74,"column":34},"end":{"line":74,"column":null}},"loc":{"start":{"line":78,"column":4},"end":{"line":89,"column":1}}},"8":{"name":"(anonymous_8)","decl":{"start":{"line":80,"column":28},"end":{"line":80,"column":29}},"loc":{"start":{"line":80,"column":44},"end":{"line":87,"column":3}}},"9":{"name":"(anonymous_9)","decl":{"start":{"line":91,"column":33},"end":{"line":91,"column":34}},"loc":{"start":{"line":91,"column":72},"end":{"line":99,"column":1}}},"10":{"name":"(anonymous_10)","decl":{"start":{"line":94,"column":35},"end":{"line":94,"column":36}},"loc":{"start":{"line":94,"column":43},"end":{"line":97,"column":3}}}},"branchMap":{"0":{"loc":{"start":{"line":7,"column":12},"end":{"line":7,"column":69}},"type":"cond-expr","locations":[{"start":{"line":7,"column":40},"end":{"line":7,"column":45}},{"start":{"line":7,"column":48},"end":{"line":7,"column":69}}]},"1":{"loc":{"start":{"line":13,"column":12},"end":{"line":13,"column":69}},"type":"cond-expr","locations":[{"start":{"line":13,"column":40},"end":{"line":13,"column":45}},{"start":{"line":13,"column":48},"end":{"line":13,"column":69}}]},"2":{"loc":{"start":{"line":31,"column":2},"end":{"line":40,"column":null}},"type":"if","locations":[{"start":{"line":31,"column":2},"end":{"line":40,"column":null}}]},"3":{"loc":{"start":{"line":32,"column":4},"end":{"line":39,"column":null}},"type":"if","locations":[{"start":{"line":32,"column":4},"end":{"line":39,"column":null}},{"start":{"line":37,"column":11},"end":{"line":39,"column":null}}]},"4":{"loc":{"start":{"line":47,"column":2},"end":{"line":47,"column":27}},"type":"default-arg","locations":[{"start":{"line":47,"column":22},"end":{"line":47,"column":27}}]},"5":{"loc":{"start":{"line":49,"column":2},"end":{"line":55,"column":null}},"type":"if","locations":[{"start":{"line":49,"column":2},"end":{"line":55,"column":null}}]},"6":{"loc":{"start":{"line":50,"column":4},"end":{"line":52,"column":28}},"type":"binary-expr","locations":[{"start":{"line":50,"column":4},"end":{"line":50,"column":28}},{"start":{"line":51,"column":4},"end":{"line":51,"column":29}},{"start":{"line":52,"column":4},"end":{"line":52,"column":28}}]},"7":{"loc":{"start":{"line":56,"column":2},"end":{"line":58,"column":null}},"type":"if","locations":[{"start":{"line":56,"column":2},"end":{"line":58,"column":null}}]},"8":{"loc":{"start":{"line":59,"column":2},"end":{"line":70,"column":null}},"type":"if","locations":[{"start":{"line":59,"column":2},"end":{"line":70,"column":null}}]},"9":{"loc":{"start":{"line":62,"column":6},"end":{"line":67,"column":null}},"type":"if","locations":[{"start":{"line":62,"column":6},"end":{"line":67,"column":null}},{"start":{"line":65,"column":13},"end":{"line":67,"column":null}}]},"10":{"loc":{"start":{"line":77,"column":2},"end":{"line":77,"column":27}},"type":"default-arg","locations":[{"start":{"line":77,"column":22},"end":{"line":77,"column":27}}]},"11":{"loc":{"start":{"line":81,"column":4},"end":{"line":86,"column":null}},"type":"if","locations":[{"start":{"line":81,"column":4},"end":{"line":86,"column":null}},{"start":{"line":84,"column":11},"end":{"line":86,"column":null}}]}},"s":{"0":2,"1":2,"2":0,"3":2,"4":2,"5":297,"6":2,"7":2,"8":116,"9":116,"10":114,"11":3,"12":9,"13":111,"14":2,"15":2,"16":2,"17":215,"18":155,"19":60,"20":25,"21":43,"22":35,"23":35,"24":35,"25":128,"26":76,"27":76,"28":52,"29":35,"30":0,"31":2,"32":12,"33":12,"34":44,"35":40,"36":40,"37":4,"38":12,"39":2,"40":2,"41":4,"42":4,"43":4,"44":4,"45":4,"46":2},"f":{"0":0,"1":297,"2":116,"3":9,"4":215,"5":43,"6":128,"7":12,"8":44,"9":4,"10":4},"b":{"0":[0,0],"1":[287,10],"2":[114],"3":[3,111],"4":[0],"5":[155],"6":[215,70,70],"7":[25],"8":[35],"9":[76,52],"10":[2],"11":[40,4]}}
,"/home/ipbyrne/projects/mongo-encryption-query/src/testing/database.ts": {"path":"/home/ipbyrne/projects/mongo-encryption-query/src/testing/database.ts","statementMap":{"0":{"start":{"line":1,"column":0},"end":{"line":1,"column":23}},"1":{"start":{"line":2,"column":0},"end":{"line":2,"column":48}},"2":{"start":{"line":4,"column":39},"end":{"line":4,"column":44}},"3":{"start":{"line":6,"column":23},"end":{"line":14,"column":2}},"4":{"start":{"line":6,"column":34},"end":{"line":14,"column":2}},"5":{"start":{"line":7,"column":2},"end":{"line":11,"column":null}},"6":{"start":{"line":8,"column":4},"end":{"line":10,"column":6}},"7":{"start":{"line":13,"column":2},"end":{"line":13,"column":34}},"8":{"start":{"line":6,"column":13},"end":{"line":6,"column":23}},"9":{"start":{"line":16,"column":26},"end":{"line":20,"column":2}},"10":{"start":{"line":16,"column":37},"end":{"line":20,"column":2}},"11":{"start":{"line":17,"column":2},"end":{"line":19,"column":null}},"12":{"start":{"line":18,"column":4},"end":{"line":18,"column":30}},"13":{"start":{"line":16,"column":13},"end":{"line":16,"column":26}},"14":{"start":{"line":22,"column":29},"end":{"line":25,"column":2}},"15":{"start":{"line":22,"column":40},"end":{"line":25,"column":2}},"16":{"start":{"line":23,"column":23},"end":{"line":23,"column":38}},"17":{"start":{"line":24,"column":2},"end":{"line":24,"column":36}},"18":{"start":{"line":22,"column":13},"end":{"line":22,"column":29}}},"fnMap":{"0":{"name":"(anonymous_0)","decl":{"start":{"line":6,"column":23},"end":{"line":6,"column":32}},"loc":{"start":{"line":6,"column":34},"end":{"line":14,"column":2}}},"1":{"name":"(anonymous_1)","decl":{"start":{"line":6,"column":34},"end":{"line":6,"column":null}},"loc":{"start":{"line":6,"column":34},"end":{"line":14,"column":1}}},"2":{"name":"(anonymous_2)","decl":{"start":{"line":16,"column":26},"end":{"line":16,"column":35}},"loc":{"start":{"line":16,"column":37},"end":{"line":20,"column":2}}},"3":{"name":"(anonymous_3)","decl":{"start":{"line":16,"column":37},"end":{"line":16,"column":null}},"loc":{"start":{"line":16,"column":37},"end":{"line":20,"column":1}}},"4":{"name":"(anonymous_4)","decl":{"start":{"line":22,"column":29},"end":{"line":22,"column":38}},"loc":{"start":{"line":22,"column":40},"end":{"line":25,"column":2}}},"5":{"name":"(anonymous_5)","decl":{"start":{"line":22,"column":40},"end":{"line":22,"column":null}},"loc":{"start":{"line":22,"column":40},"end":{"line":25,"column":1}}}},"branchMap":{"0":{"loc":{"start":{"line":7,"column":2},"end":{"line":11,"column":null}},"type":"if","locations":[{"start":{"line":7,"column":2},"end":{"line":11,"column":null}}]},"1":{"loc":{"start":{"line":7,"column":6},"end":{"line":7,"column":64}},"type":"binary-expr","locations":[{"start":{"line":7,"column":6},"end":{"line":7,"column":17}},{"start":{"line":7,"column":22},"end":{"line":7,"column":64}}]}},"s":{"0":1,"1":1,"2":1,"3":1,"4":9,"5":9,"6":8,"7":9,"8":1,"9":1,"10":8,"11":8,"12":44,"13":1,"14":1,"15":1,"16":1,"17":1,"18":1},"f":{"0":9,"1":9,"2":8,"3":8,"4":1,"5":1},"b":{"0":[8],"1":[9,8]}}
,"/home/ipbyrne/projects/mongo-encryption-query/src/testing/keys.ts": {"path":"/home/ipbyrne/projects/mongo-encryption-query/src/testing/keys.ts","statementMap":{"0":{"start":{"line":1,"column":13},"end":{"line":5,"column":2}},"1":{"start":{"line":7,"column":13},"end":{"line":12,"column":2}}},"fnMap":{},"branchMap":{},"s":{"0":1,"1":1},"f":{},"b":{}}
,"/home/ipbyrne/projects/mongo-encryption-query/src/testing/VerifiableCredentials/findByQuery.ts": {"path":"/home/ipbyrne/projects/mongo-encryption-query/src/testing/VerifiableCredentials/findByQuery.ts","statementMap":{"0":{"start":{"line":1,"column":0},"end":{"line":1,"column":23}},"1":{"start":{"line":2,"column":0},"end":{"line":2,"column":50}},"2":{"start":{"line":3,"column":0},"end":{"line":3,"column":56}},"3":{"start":{"line":4,"column":0},"end":{"line":4,"column":40}},"4":{"start":{"line":7,"column":27},"end":{"line":32,"column":2}},"5":{"start":{"line":10,"column":27},"end":{"line":32,"column":2}},"6":{"start":{"line":11,"column":21},"end":{"line":11,"column":36}},"7":{"start":{"line":12,"column":32},"end":{"line":12,"column":79}},"8":{"start":{"line":13,"column":25},"end":{"line":13,"column":66}},"9":{"start":{"line":14,"column":22},"end":{"line":16,"column":13}},"10":{"start":{"line":17,"column":2},"end":{"line":17,"column":32}},"11":{"start":{"line":17,"column":20},"end":{"line":17,"column":32}},"12":{"start":{"line":18,"column":28},"end":{"line":18,"column":30}},"13":{"start":{"line":19,"column":2},"end":{"line":29,"column":null}},"14":{"start":{"line":19,"column":15},"end":{"line":19,"column":16}},"15":{"start":{"line":20,"column":4},"end":{"line":28,"column":19}},"16":{"start":{"line":21,"column":19},"end":{"line":21,"column":33}},"17":{"start":{"line":22,"column":26},"end":{"line":25,"column":null}},"18":{"start":{"line":27,"column":6},"end":{"line":27,"column":35}},"19":{"start":{"line":30,"column":2},"end":{"line":30,"column":21}},"20":{"start":{"line":31,"column":2},"end":{"line":31,"column":20}},"21":{"start":{"line":7,"column":13},"end":{"line":7,"column":27}}},"fnMap":{"0":{"name":"(anonymous_0)","decl":{"start":{"line":7,"column":27},"end":{"line":7,"column":null}},"loc":{"start":{"line":10,"column":27},"end":{"line":32,"column":2}}},"1":{"name":"(anonymous_1)","decl":{"start":{"line":10,"column":27},"end":{"line":10,"column":null}},"loc":{"start":{"line":10,"column":27},"end":{"line":32,"column":1}}}},"branchMap":{"0":{"loc":{"start":{"line":9,"column":2},"end":{"line":9,"column":43}},"type":"default-arg","locations":[{"start":{"line":9,"column":17},"end":{"line":9,"column":43}}]},"1":{"loc":{"start":{"line":17,"column":2},"end":{"line":17,"column":32}},"type":"if","locations":[{"start":{"line":17,"column":2},"end":{"line":17,"column":32}}]}},"s":{"0":1,"1":1,"2":1,"3":1,"4":1,"5":4,"6":4,"7":4,"8":4,"9":4,"10":4,"11":0,"12":4,"13":4,"14":4,"15":6,"16":6,"17":6,"18":6,"19":4,"20":4,"21":1},"f":{"0":4,"1":4},"b":{"0":[4],"1":[0]}}
,"/home/ipbyrne/projects/mongo-encryption-query/src/testing/VerifiableCredentials/saveVC.ts": {"path":"/home/ipbyrne/projects/mongo-encryption-query/src/testing/VerifiableCredentials/saveVC.ts","statementMap":{"0":{"start":{"line":1,"column":0},"end":{"line":1,"column":23}},"1":{"start":{"line":2,"column":0},"end":{"line":2,"column":50}},"2":{"start":{"line":3,"column":0},"end":{"line":3,"column":39}},"3":{"start":{"line":4,"column":0},"end":{"line":4,"column":56}},"4":{"start":{"line":7,"column":22},"end":{"line":21,"column":2}},"5":{"start":{"line":10,"column":4},"end":{"line":21,"column":2}},"6":{"start":{"line":11,"column":21},"end":{"line":11,"column":36}},"7":{"start":{"line":12,"column":32},"end":{"line":12,"column":79}},"8":{"start":{"line":13,"column":15},"end":{"line":16,"column":null}},"9":{"start":{"line":18,"column":17},"end":{"line":18,"column":60}},"10":{"start":{"line":19,"column":2},"end":{"line":19,"column":21}},"11":{"start":{"line":20,"column":2},"end":{"line":20,"column":16}},"12":{"start":{"line":7,"column":13},"end":{"line":7,"column":22}}},"fnMap":{"0":{"name":"(anonymous_0)","decl":{"start":{"line":7,"column":22},"end":{"line":7,"column":null}},"loc":{"start":{"line":10,"column":4},"end":{"line":21,"column":2}}},"1":{"name":"(anonymous_1)","decl":{"start":{"line":10,"column":4},"end":{"line":10,"column":null}},"loc":{"start":{"line":10,"column":4},"end":{"line":21,"column":1}}}},"branchMap":{"0":{"loc":{"start":{"line":9,"column":2},"end":{"line":9,"column":43}},"type":"default-arg","locations":[{"start":{"line":9,"column":17},"end":{"line":9,"column":43}}]}},"s":{"0":1,"1":1,"2":1,"3":1,"4":1,"5":4,"6":4,"7":4,"8":4,"9":4,"10":4,"11":4,"12":1},"f":{"0":4,"1":4},"b":{"0":[4]}}
}
