TN:
SF:src/MongoEncryptedQuery/index.ts
FN:9,(anonymous_0)
FN:14,(anonymous_1)
FN:18,(anonymous_2)
FN:31,(anonymous_3)
FN:35,(anonymous_4)
FNF:5
FNH:5
FNDA:4,(anonymous_0)
FNDA:4,(anonymous_1)
FNDA:4,(anonymous_2)
FNDA:6,(anonymous_3)
FNDA:6,(anonymous_4)
DA:1,1
DA:6,1
DA:9,1
DA:10,4
DA:11,4
DA:14,1
DA:18,4
DA:19,4
DA:20,4
DA:21,4
DA:25,4
DA:31,1
DA:35,6
DA:36,6
DA:40,6
DA:43,1
LF:16
LH:16
BRF:0
BRH:0
end_of_record
TN:
SF:src/MongoEncryptedQuery/cipher/cipher.ts
FN:14,(anonymous_0)
FN:14,(anonymous_1)
FN:24,(anonymous_2)
FN:27,(anonymous_3)
FN:39,(anonymous_4)
FN:42,(anonymous_5)
FNF:6
FNH:6
FNDA:1,(anonymous_0)
FNDA:1,(anonymous_1)
FNDA:5,(anonymous_2)
FNDA:5,(anonymous_3)
FNDA:7,(anonymous_4)
FNDA:7,(anonymous_5)
DA:1,2
DA:2,2
DA:3,2
DA:4,2
DA:5,2
DA:8,2
DA:12,2
DA:14,2
DA:15,1
DA:16,1
DA:19,1
DA:20,1
DA:21,1
DA:24,2
DA:27,5
DA:28,5
DA:29,5
DA:33,5
DA:36,5
DA:39,2
DA:42,7
DA:43,7
DA:44,7
DA:45,7
DA:49,7
DA:50,7
DA:51,7
LF:27
LH:27
BRDA:14,0,0,1
BRF:1
BRH:1
end_of_record
TN:
SF:src/MongoEncryptedQuery/hasher/index.ts
FN:5,(anonymous_0)
FN:11,(anonymous_1)
FN:18,(anonymous_2)
FN:35,(anonymous_3)
FN:44,(anonymous_4)
FN:57,(anonymous_5)
FN:61,(anonymous_6)
FN:74,(anonymous_7)
FN:80,(anonymous_8)
FN:91,(anonymous_9)
FN:94,(anonymous_10)
FNF:11
FNH:10
FNDA:0,(anonymous_0)
FNDA:297,(anonymous_1)
FNDA:116,(anonymous_2)
FNDA:9,(anonymous_3)
FNDA:215,(anonymous_4)
FNDA:43,(anonymous_5)
FNDA:128,(anonymous_6)
FNDA:12,(anonymous_7)
FNDA:44,(anonymous_8)
FNDA:4,(anonymous_9)
FNDA:4,(anonymous_10)
DA:1,2
DA:5,2
DA:6,0
DA:11,2
DA:12,297
DA:18,2
DA:20,116
DA:31,116
DA:32,114
DA:33,3
DA:35,9
DA:38,111
DA:41,2
DA:44,2
DA:49,215
DA:54,155
DA:56,60
DA:57,43
DA:59,35
DA:60,35
DA:61,35
DA:62,128
DA:63,76
DA:64,76
DA:66,52
DA:69,35
DA:71,0
DA:74,2
DA:79,12
DA:80,12
DA:81,44
DA:82,40
DA:83,40
DA:85,4
DA:88,12
DA:91,2
DA:92,4
DA:93,4
DA:94,4
DA:95,4
DA:98,4
LF:41
LH:39
BRDA:7,0,0,0
BRDA:7,0,1,0
BRDA:13,1,0,287
BRDA:13,1,1,10
BRDA:31,2,0,114
BRDA:32,3,0,3
BRDA:32,3,1,111
BRDA:47,4,0,0
BRDA:49,5,0,155
BRDA:50,6,0,215
BRDA:50,6,1,70
BRDA:50,6,2,70
BRDA:56,7,0,25
BRDA:59,8,0,35
BRDA:62,9,0,76
BRDA:62,9,1,52
BRDA:77,10,0,2
BRDA:81,11,0,40
BRDA:81,11,1,4
BRF:19
BRH:16
end_of_record
TN:
SF:src/testing/database.ts
FN:6,(anonymous_0)
FN:6,(anonymous_1)
FN:16,(anonymous_2)
FN:16,(anonymous_3)
FN:22,(anonymous_4)
FN:22,(anonymous_5)
FNF:6
FNH:6
FNDA:9,(anonymous_0)
FNDA:9,(anonymous_1)
FNDA:8,(anonymous_2)
FNDA:8,(anonymous_3)
FNDA:1,(anonymous_4)
FNDA:1,(anonymous_5)
DA:1,1
DA:2,1
DA:4,1
DA:6,9
DA:7,9
DA:8,8
DA:13,9
DA:16,8
DA:17,8
DA:18,44
DA:22,1
DA:23,1
DA:24,1
LF:13
LH:13
BRDA:7,0,0,8
BRDA:7,1,0,9
BRDA:7,1,1,8
BRF:3
BRH:3
end_of_record
TN:
SF:src/testing/keys.ts
FNF:0
FNH:0
DA:1,1
DA:7,1
LF:2
LH:2
BRF:0
BRH:0
end_of_record
TN:
SF:src/testing/VerifiableCredentials/findByQuery.ts
FN:7,(anonymous_0)
FN:10,(anonymous_1)
FNF:2
FNH:2
FNDA:4,(anonymous_0)
FNDA:4,(anonymous_1)
DA:1,1
DA:2,1
DA:3,1
DA:4,1
DA:7,1
DA:10,4
DA:11,4
DA:12,4
DA:13,4
DA:14,4
DA:17,4
DA:18,4
DA:19,4
DA:20,6
DA:21,6
DA:22,6
DA:27,6
DA:30,4
DA:31,4
LF:19
LH:19
BRDA:9,0,0,4
BRDA:17,1,0,0
BRF:2
BRH:1
end_of_record
TN:
SF:src/testing/VerifiableCredentials/saveVC.ts
FN:7,(anonymous_0)
FN:10,(anonymous_1)
FNF:2
FNH:2
FNDA:4,(anonymous_0)
FNDA:4,(anonymous_1)
DA:1,1
DA:2,1
DA:3,1
DA:4,1
DA:7,1
DA:10,4
DA:11,4
DA:12,4
DA:13,4
DA:18,4
DA:19,4
DA:20,4
LF:12
LH:12
BRDA:9,0,0,4
BRF:1
BRH:1
end_of_record
